<?xml version="1.0" encoding="UTF-8"?>
<!-- Generated by org.testng.reporters.JUnitReportReporter -->
<testsuite hostname="DESKTOP-QHOC536" failures="0" tests="1" name="com.ironscales.testcases.NavigationBarTest" time="1.787" errors="0" timestamp="2023-01-27T15:12:03 IST" skipped="0">
  <testcase classname="com.ironscales.testcases.NavigationBarTest" name="NavigationBarApp" time="1.787"/>
  <system-out/>
</testsuite> <!-- com.ironscales.testcases.NavigationBarTest -->
