<?xml version="1.0" encoding="UTF-8"?>
<!-- Generated by org.testng.reporters.JUnitReportReporter -->
<testsuite hostname="DESKTOP-QHOC536" failures="0" tests="2" name="com.ironscales.testcases.SocialMediaTest" time="22.433" errors="0" timestamp="2023-01-27T18:22:52 IST" skipped="0">
  <testcase classname="com.ironscales.testcases.SocialMediaTest" name="SocialMediaButtonsApp" time="1.555"/>
  <system-out/>
  <testcase classname="com.ironscales.testcases.SocialMediaTest" name="SocialMediaLinksApp" time="20.878"/>
  <system-out/>
</testsuite> <!-- com.ironscales.testcases.SocialMediaTest -->
