<?xml version="1.0" encoding="UTF-8"?>
<!-- Generated by org.testng.reporters.JUnitReportReporter -->
<testsuite hostname="DESKTOP-QHOC536" failures="0" tests="1" name="com.ironscales.testcases.CareersTest" time="9.400" errors="0" timestamp="2023-01-27T15:12:43 IST" skipped="0">
  <testcase classname="com.ironscales.testcases.CareersTest" name="CareerApp" time="9.400"/>
  <system-out/>
</testsuite> <!-- com.ironscales.testcases.CareersTest -->
