<?xml version="1.0" encoding="UTF-8"?>
<!-- Generated by org.testng.reporters.JUnitReportReporter -->
<testsuite hostname="DESKTOP-QHOC536" failures="0" tests="10" name="com.ironscales.testcases.RemovalTest" time="0.019" errors="0" timestamp="2023-01-27T20:01:24 IST" skipped="0">
  <testcase classname="com.ironscales.testcases.RemovalTest" name="testRemoveOnlyStart" time="0.011"/>
  <system-out/>
  <testcase classname="com.ironscales.testcases.RemovalTest" name="testRemoveOnlyEnd" time="0.001"/>
  <system-out/>
  <testcase classname="com.ironscales.testcases.RemovalTest" name="testRemoveBothSides" time="0.001"/>
  <system-out/>
  <testcase classname="com.ironscales.testcases.RemovalTest" name="testRemoveOnlyEndNegative" time="0.001"/>
  <system-out/>
  <testcase classname="com.ironscales.testcases.RemovalTest" name="testRemoveEmptyString" time="0.000"/>
  <system-out/>
  <testcase classname="com.ironscales.testcases.RemovalTest" name="testRemoveMultipleSpaces" time="0.001"/>
  <system-out/>
  <testcase classname="com.ironscales.testcases.RemovalTest" name="testRemoveMultipleSpacesNegative" time="0.001"/>
  <system-out/>
  <testcase classname="com.ironscales.testcases.RemovalTest" name="testRemoveTabAndNewLine" time="0.001"/>
  <system-out/>
  <testcase classname="com.ironscales.testcases.RemovalTest" name="testRemoveSpecialCharacters" time="0.001"/>
  <system-out/>
  <testcase classname="com.ironscales.testcases.RemovalTest" name="testRemoveOnlySpaces" time="0.001"/>
  <system-out/>
</testsuite> <!-- com.ironscales.testcases.RemovalTest -->
